platform/android/TrackasiaGLAndroidSDK/build/intermediates/manifest_merge_blame_file/debug/manifest-merger-blame-debug-report.txt
1<?xml version="1.0" encoding="utf-8"?>
2<manifest xmlns:android="http://schemas.android.com/apk/res/android"
3    package="com.trackasia.android" >
4
5    <uses-sdk android:minSdkVersion="21" />
5-->src/main/AndroidManifest.xml
6
7    <uses-feature
7-->src/main/AndroidManifest.xml:3:5-5:34
8        android:glEsVersion="0x00020000"
8-->src/main/AndroidManifest.xml:4:9-41
9        android:required="true" />
9-->src/main/AndroidManifest.xml:5:9-32
10    <uses-feature
10-->src/main/AndroidManifest.xml:6:5-8:35
11        android:name="android.hardware.wifi"
11-->src/main/AndroidManifest.xml:7:9-45
12        android:required="false" /> <!-- Implied by ACCESS_WIFI_STATE. -->
12-->src/main/AndroidManifest.xml:8:9-33
13
14    <uses-permission android:name="android.permission.INTERNET" />
14-->src/main/AndroidManifest.xml:10:5-66
14-->src/main/AndroidManifest.xml:10:22-64
15    <uses-permission android:name="android.permission.ACCESS_NETWORK_STATE" />
15-->src/main/AndroidManifest.xml:11:5-78
15-->src/main/AndroidManifest.xml:11:22-76
16    <uses-permission android:name="android.permission.ACCESS_WIFI_STATE" />
16-->src/main/AndroidManifest.xml:12:5-75
16-->src/main/AndroidManifest.xml:12:22-73
17    <uses-permission android:name="android.permission.ACCESS_COARSE_LOCATION" />
17-->src/main/AndroidManifest.xml:13:5-81
17-->src/main/AndroidManifest.xml:13:22-78
18    <uses-permission android:name="android.permission.ACCESS_FINE_LOCATION" />
18-->src/main/AndroidManifest.xml:14:5-79
18-->src/main/AndroidManifest.xml:14:22-76
19
20</manifest>